<?xml version="1.0" encoding="utf-8"?>
<coverage line-rate="0.9918" branch-rate="0.8636" version="1.9" timestamp="1679058998" lines-covered="121" lines-valid="122" branches-covered="19" branches-valid="22">
  <sources>
    <source>C:\Dev\SampleApp\SampleApp.Domain\</source>
  </sources>
  <packages>
    <package name="SampleApp.Domain" line-rate="0.9918" branch-rate="0.8636" complexity="37">
      <classes>
        <class name="SampleApp.Domain.Services.SomeService" filename="Services\SomeService.cs" line-rate="0.9687" branch-rate="0.75" complexity="14">
          <methods>
            <method name="BuildRequest" signature="(System.String)" line-rate="0.9523" branch-rate="0.75" complexity="12">
              <lines>
                <line number="24" hits="11" branch="False" />
                <line number="25" hits="11" branch="False" />
                <line number="27" hits="11" branch="True" condition-coverage="100% (2/2)">
                  <conditions>
                    <condition number="21" type="jump" coverage="100%" />
                  </conditions>
                </line>
                <line number="28" hits="1" branch="False" />
                <line number="30" hits="10" branch="False" />
                <line number="31" hits="10" branch="True" condition-coverage="50% (2/4)">
                  <conditions>
                    <condition number="40" type="jump" coverage="50%" />
                    <condition number="52" type="jump" coverage="50%" />
                  </conditions>
                </line>
                <line number="34" hits="10" branch="False" />
                <line number="35" hits="10" branch="False" />
                <line number="36" hits="10" branch="False" />
                <line number="37" hits="10" branch="False" />
                <line number="39" hits="10" branch="True" condition-coverage="50% (1/2)">
                  <conditions>
                    <condition number="134" type="jump" coverage="50%" />
                  </conditions>
                </line>
                <line number="40" hits="0" branch="False" />
                <line number="42" hits="9" branch="True" condition-coverage="100% (2/2)">
                  <conditions>
                    <condition number="168" type="jump" coverage="100%" />
                  </conditions>
                </line>
                <line number="43" hits="1" branch="False" />
                <line number="45" hits="8" branch="True" condition-coverage="100% (2/2)">
                  <conditions>
                    <condition number="200" type="jump" coverage="100%" />
                  </conditions>
                </line>
                <line number="46" hits="1" branch="False" />
                <line number="48" hits="7" branch="False" />
                <line number="50" hits="1" branch="False" />
                <line number="51" hits="1" branch="False" />
                <line number="52" hits="1" branch="False" />
                <line number="54" hits="8" branch="False" />
              </lines>
            </method>
            <method name="SplitCommandArgs" signature="(System.String)" line-rate="1" branch-rate="1" complexity="1">
              <lines>
                <line number="57" hits="11" branch="False" />
                <line number="58" hits="11" branch="False" />
                <line number="59" hits="11" branch="False" />
                <line number="60" hits="29" branch="False" />
                <line number="61" hits="29" branch="False" />
                <line number="62" hits="11" branch="False" />
                <line number="63" hits="11" branch="False" />
              </lines>
            </method>
            <method name=".ctor" signature="(System.Type[])" line-rate="1" branch-rate="1" complexity="1">
              <lines>
                <line number="18" hits="11" branch="False" />
                <line number="19" hits="11" branch="False" />
                <line number="20" hits="11" branch="False" />
                <line number="21" hits="11" branch="False" />
              </lines>
            </method>
          </methods>
          <lines>
            <line number="24" hits="11" branch="False" />
            <line number="25" hits="11" branch="False" />
            <line number="27" hits="11" branch="True" condition-coverage="100% (2/2)">
              <conditions>
                <condition number="21" type="jump" coverage="100%" />
              </conditions>
            </line>
            <line number="28" hits="1" branch="False" />
            <line number="30" hits="10" branch="False" />
            <line number="31" hits="10" branch="True" condition-coverage="50% (2/4)">
              <conditions>
                <condition number="40" type="jump" coverage="50%" />
                <condition number="52" type="jump" coverage="50%" />
              </conditions>
            </line>
            <line number="34" hits="10" branch="False" />
            <line number="35" hits="10" branch="False" />
            <line number="36" hits="10" branch="False" />
            <line number="37" hits="10" branch="False" />
            <line number="39" hits="10" branch="True" condition-coverage="50% (1/2)">
              <conditions>
                <condition number="134" type="jump" coverage="50%" />
              </conditions>
            </line>
            <line number="40" hits="0" branch="False" />
            <line number="42" hits="9" branch="True" condition-coverage="100% (2/2)">
              <conditions>
                <condition number="168" type="jump" coverage="100%" />
              </conditions>
            </line>
            <line number="43" hits="1" branch="False" />
            <line number="45" hits="8" branch="True" condition-coverage="100% (2/2)">
              <conditions>
                <condition number="200" type="jump" coverage="100%" />
              </conditions>
            </line>
            <line number="46" hits="1" branch="False" />
            <line number="48" hits="7" branch="False" />
            <line number="50" hits="1" branch="False" />
            <line number="51" hits="1" branch="False" />
            <line number="52" hits="1" branch="False" />
            <line number="54" hits="8" branch="False" />
            <line number="57" hits="11" branch="False" />
            <line number="58" hits="11" branch="False" />
            <line number="59" hits="11" branch="False" />
            <line number="60" hits="29" branch="False" />
            <line number="61" hits="29" branch="False" />
            <line number="62" hits="11" branch="False" />
            <line number="63" hits="11" branch="False" />
            <line number="18" hits="11" branch="False" />
            <line number="19" hits="11" branch="False" />
            <line number="20" hits="11" branch="False" />
            <line number="21" hits="11" branch="False" />
          </lines>
        </class>
        <class name="SampleApp.Domain.Services.StringExtensions" filename="Services\SomeService.cs" line-rate="1" branch-rate="1" complexity="4">
          <methods>
            <method name="TrimSingle" signature="(System.String,System.Char)" line-rate="1" branch-rate="1" complexity="4">
              <lines>
                <line number="69" hits="33" branch="False" />
                <line number="70" hits="33" branch="True" condition-coverage="100% (2/2)">
                  <conditions>
                    <condition number="10" type="jump" coverage="100%" />
                  </conditions>
                </line>
                <line number="71" hits="4" branch="False" />
                <line number="73" hits="33" branch="True" condition-coverage="100% (2/2)">
                  <conditions>
                    <condition number="40" type="jump" coverage="100%" />
                  </conditions>
                </line>
                <line number="74" hits="4" branch="False" />
                <line number="76" hits="33" branch="False" />
                <line number="77" hits="33" branch="False" />
              </lines>
            </method>
          </methods>
          <lines>
            <line number="69" hits="33" branch="False" />
            <line number="70" hits="33" branch="True" condition-coverage="100% (2/2)">
              <conditions>
                <condition number="10" type="jump" coverage="100%" />
              </conditions>
            </line>
            <line number="71" hits="4" branch="False" />
            <line number="73" hits="33" branch="True" condition-coverage="100% (2/2)">
              <conditions>
                <condition number="40" type="jump" coverage="100%" />
              </conditions>
            </line>
            <line number="74" hits="4" branch="False" />
            <line number="76" hits="33" branch="False" />
            <line number="77" hits="33" branch="False" />
          </lines>
        </class>
      </classes>
    </package>
  </packages>
</coverage>
