<?xml version="1.0" encoding="utf-8"?>
<coverage line-rate="0.9918" branch-rate="0.8636" version="1.9" timestamp="1679058998" lines-covered="121" lines-valid="122" branches-covered="19" branches-valid="22">
  <sources>
    <source>C:\Dev\SampleApp\SampleApp.Domain\</source>
  </sources>
  <packages>
    <package name="SampleApp.Domain" line-rate="0.9918" branch-rate="0.8636" complexity="37">
      <classes>
        <class name="SampleApp.WebAPI.Controllers.SomeController" filename="SampleApp.WebAPI\Controllers\SomeController.cs" line-rate="1" branch-rate="1" complexity="1">
          <methods>
            <method name=".ctor" signature="(SampleApp.Domain.Services.ICliRequestBuilder,MediatR.IMediator)" line-rate="1" branch-rate="1" complexity="1">
              <lines>
                <line number="15" hits="2" branch="False" />
                <line number="16" hits="2" branch="False" />
                <line number="17" hits="2" branch="False" />
                <line number="18" hits="2" branch="False" />
                <line number="19" hits="2" branch="False" />
              </lines>
            </method>
          </methods>
          <lines>
            <line number="15" hits="2" branch="False" />
            <line number="16" hits="2" branch="False" />
            <line number="17" hits="2" branch="False" />
            <line number="18" hits="2" branch="False" />
            <line number="19" hits="2" branch="False" />
          </lines>
        </class>
        <class name="SampleApp.WebAPI.Controllers.SomeController/&lt;Run&gt;d__3" filename="SampleApp.WebAPI\Controllers\SomeController.cs" line-rate="1" branch-rate="1" complexity="1">
          <methods>
            <method name="MoveNext" signature="()" line-rate="1" branch-rate="1" complexity="1">
              <lines>
                <line number="25" hits="2" branch="False" />
                <line number="27" hits="2" branch="False" />
                <line number="28" hits="2" branch="False" />
                <line number="29" hits="1" branch="False" />
                <line number="31" hits="1" branch="False" />
                <line number="33" hits="1" branch="False" />
                <line number="34" hits="1" branch="False" />
                <line number="35" hits="1" branch="False" />
                <line number="37" hits="2" branch="False" />
              </lines>
            </method>
          </methods>
          <lines>
            <line number="25" hits="2" branch="False" />
            <line number="27" hits="2" branch="False" />
            <line number="28" hits="2" branch="False" />
            <line number="29" hits="1" branch="False" />
            <line number="31" hits="1" branch="False" />
            <line number="33" hits="1" branch="False" />
            <line number="34" hits="1" branch="False" />
            <line number="35" hits="1" branch="False" />
            <line number="37" hits="2" branch="False" />
          </lines>
        </class>
      </classes>
    </package>
  </packages>
</coverage>
